<?xml version="1.0" encoding="UTF-8"?>
<!-- Generated by org.testng.reporters.JUnitReportReporter -->
<testsuite skipped="0" hostname="LAPTOP-7NC8C0E5" name="com.mmt.tests.SearchPageTest" tests="2" failures="0" timestamp="28 Apr 2019 11:32:45 GMT" time="113.624" errors="0">
  <testcase name="getTotalDepartureFlights" time="59.687" classname="com.mmt.tests.SearchPageTest"/>
  <testcase name="getTotalReturnFlights" time="53.937" classname="com.mmt.tests.SearchPageTest"/>
</testsuite> <!-- com.mmt.tests.SearchPageTest -->
