<?xml version="1.0" encoding="UTF-8"?>
<!-- Generated by org.testng.reporters.JUnitReportReporter -->
<testsuite skipped="0" hostname="LAPTOP-7NC8C0E5" name="com.mmt.tests.FilterPageTest" tests="1" failures="0" timestamp="28 Apr 2019 13:24:47 GMT" time="44.006" errors="0">
  <testcase name="selectNonStopFilter" time="44.006" classname="com.mmt.tests.FilterPageTest"/>
</testsuite> <!-- com.mmt.tests.FilterPageTest -->
