<?xml version="1.0" encoding="UTF-8"?>
<!-- Generated by org.testng.reporters.JUnitReportReporter -->
<testsuite skipped="0" hostname="LAPTOP-7NC8C0E5" name="com.mmt.tests.SearchPageTest" tests="2" failures="0" timestamp="01 May 2019 15:43:12 GMT" time="139.722" errors="0">
  <testcase name="getTotalDepartureFlights" time="59.424" classname="com.mmt.tests.SearchPageTest"/>
  <testcase name="getTotalReturnFlights" time="80.298" classname="com.mmt.tests.SearchPageTest"/>
</testsuite> <!-- com.mmt.tests.SearchPageTest -->
