<?xml version="1.0" encoding="UTF-8"?>
<!-- Generated by org.testng.reporters.JUnitReportReporter -->
<testsuite skipped="0" hostname="LAPTOP-7NC8C0E5" name="com.mmt.tests.SearchPageTest" tests="2" failures="0" timestamp="01 May 2019 14:00:36 GMT" time="110.354" errors="0">
  <testcase name="getTotalDepartureFlights" time="65.645" classname="com.mmt.tests.SearchPageTest"/>
  <testcase name="getTotalReturnFlights" time="44.709" classname="com.mmt.tests.SearchPageTest"/>
</testsuite> <!-- com.mmt.tests.SearchPageTest -->
