<?xml version="1.0" encoding="UTF-8"?>
<!-- Generated by org.testng.reporters.JUnitReportReporter -->
<testsuite skipped="0" hostname="LAPTOP-7NC8C0E5" name="com.mmt.tests.HomePageTest" tests="1" failures="0" timestamp="28 Apr 2019 13:16:42 GMT" time="17.420" errors="0">
  <testcase name="clickFlightsLink" time="17.420" classname="com.mmt.tests.HomePageTest"/>
</testsuite> <!-- com.mmt.tests.HomePageTest -->
