<?xml version="1.0" encoding="UTF-8"?>
<!-- Generated by org.testng.reporters.JUnitReportReporter -->
<testsuite skipped="0" hostname="LAPTOP-7NC8C0E5" name="com.mmt.tests.BookingPageTest" tests="1" failures="0" timestamp="01 May 2019 14:00:36 GMT" time="26.108" errors="0">
  <testcase name="selectDepFlight" time="26.108" classname="com.mmt.tests.BookingPageTest"/>
</testsuite> <!-- com.mmt.tests.BookingPageTest -->
